{"C:\\Users\\naseeha.t\\Documents\\Tasks\\8-task-sales-dashboard\\frontend\\src\\components\\charts\\LeadPieChart.jsx": {"path":"C:\\Users\\naseeha.t\\Documents\\Tasks\\8-task-sales-dashboard\\frontend\\src\\components\\charts\\LeadPieChart.jsx","statementMap":{"0":{"start":{"line":10,"column":22},"end":{"line":14,"column":1}},"1":{"start":{"line":17,"column":2},"end":{"line":35,"column":4}},"2":{"start":{"line":25,"column":14},"end":{"line":25,"column":72}}},"fnMap":{"0":{"name":"LeadPieChart","decl":{"start":{"line":16,"column":9},"end":{"line":16,"column":21}},"loc":{"start":{"line":16,"column":32},"end":{"line":36,"column":1}},"line":16},"1":{"name":"(anonymous_1)","decl":{"start":{"line":24,"column":22},"end":{"line":24,"column":23}},"loc":{"start":{"line":25,"column":14},"end":{"line":25,"column":72}},"line":25}},"branchMap":{},"s":{"0":1,"1":1,"2":3},"f":{"0":1,"1":3},"b":{},"_coverageSchema":"1a1c01bbd47fc00a2c39e90264f33305004495a9","hash":"679930a9dc16249d5eca8c6ff99e5b1edb927425"}
,"C:\\Users\\naseeha.t\\Documents\\Tasks\\8-task-sales-dashboard\\frontend\\src\\components\\charts\\RevenueChart.jsx": {"path":"C:\\Users\\naseeha.t\\Documents\\Tasks\\8-task-sales-dashboard\\frontend\\src\\components\\charts\\RevenueChart.jsx","statementMap":{"0":{"start":{"line":11,"column":2},"end":{"line":32,"column":4}}},"fnMap":{"0":{"name":"RevenueChart","decl":{"start":{"line":10,"column":9},"end":{"line":10,"column":21}},"loc":{"start":{"line":10,"column":32},"end":{"line":33,"column":1}},"line":10}},"branchMap":{},"s":{"0":1},"f":{"0":1},"b":{},"_coverageSchema":"1a1c01bbd47fc00a2c39e90264f33305004495a9","hash":"0d081b59a7640c83199e9a4bc439005d841d9d58"}
,"C:\\Users\\naseeha.t\\Documents\\Tasks\\8-task-sales-dashboard\\frontend\\src\\components\\pipeline\\Board.jsx": {"path":"C:\\Users\\naseeha.t\\Documents\\Tasks\\8-task-sales-dashboard\\frontend\\src\\components\\pipeline\\Board.jsx","statementMap":{"0":{"start":{"line":6,"column":30},"end":{"line":6,"column":40}},"1":{"start":{"line":8,"column":20},"end":{"line":8,"column":66}},"2":{"start":{"line":8,"column":43},"end":{"line":8,"column":65}},"3":{"start":{"line":10,"column":20},"end":{"line":10,"column":66}},"4":{"start":{"line":10,"column":43},"end":{"line":10,"column":65}},"5":{"start":{"line":12,"column":19},"end":{"line":12,"column":64}},"6":{"start":{"line":12,"column":42},"end":{"line":12,"column":63}},"7":{"start":{"line":15,"column":29},"end":{"line":15,"column":34}},"8":{"start":{"line":17,"column":4},"end":{"line":17,"column":22}},"9":{"start":{"line":17,"column":15},"end":{"line":17,"column":22}},"10":{"start":{"line":19,"column":19},"end":{"line":19,"column":28}},"11":{"start":{"line":20,"column":22},"end":{"line":20,"column":29}},"12":{"start":{"line":22,"column":24},"end":{"line":22,"column":64}},"13":{"start":{"line":22,"column":45},"end":{"line":22,"column":63}},"14":{"start":{"line":24,"column":4},"end":{"line":24,"column":29}},"15":{"start":{"line":24,"column":22},"end":{"line":24,"column":29}},"16":{"start":{"line":26,"column":4},"end":{"line":28,"column":5}},"17":{"start":{"line":27,"column":6},"end":{"line":27,"column":13}},"18":{"start":{"line":30,"column":4},"end":{"line":30,"column":32}},"19":{"start":{"line":33,"column":2},"end":{"line":41,"column":4}}},"fnMap":{"0":{"name":"Board","decl":{"start":{"line":5,"column":9},"end":{"line":5,"column":14}},"loc":{"start":{"line":5,"column":17},"end":{"line":42,"column":1}},"line":5},"1":{"name":"(anonymous_1)","decl":{"start":{"line":8,"column":33},"end":{"line":8,"column":34}},"loc":{"start":{"line":8,"column":43},"end":{"line":8,"column":65}},"line":8},"2":{"name":"(anonymous_2)","decl":{"start":{"line":10,"column":33},"end":{"line":10,"column":34}},"loc":{"start":{"line":10,"column":43},"end":{"line":10,"column":65}},"line":10},"3":{"name":"(anonymous_3)","decl":{"start":{"line":12,"column":32},"end":{"line":12,"column":33}},"loc":{"start":{"line":12,"column":42},"end":{"line":12,"column":63}},"line":12},"4":{"name":"handleDragEnd","decl":{"start":{"line":14,"column":11},"end":{"line":14,"column":24}},"loc":{"start":{"line":14,"column":32},"end":{"line":31,"column":3}},"line":14},"5":{"name":"(anonymous_5)","decl":{"start":{"line":22,"column":35},"end":{"line":22,"column":36}},"loc":{"start":{"line":22,"column":45},"end":{"line":22,"column":63}},"line":22}},"branchMap":{"0":{"loc":{"start":{"line":17,"column":4},"end":{"line":17,"column":22}},"type":"if","locations":[{"start":{"line":17,"column":4},"end":{"line":17,"column":22}},{"start":{},"end":{}}],"line":17},"1":{"loc":{"start":{"line":24,"column":4},"end":{"line":24,"column":29}},"type":"if","locations":[{"start":{"line":24,"column":4},"end":{"line":24,"column":29}},{"start":{},"end":{}}],"line":24},"2":{"loc":{"start":{"line":26,"column":4},"end":{"line":28,"column":5}},"type":"if","locations":[{"start":{"line":26,"column":4},"end":{"line":28,"column":5}},{"start":{},"end":{}}],"line":26}},"s":{"0":4,"1":4,"2":3,"3":4,"4":3,"5":4,"6":3,"7":1,"8":1,"9":0,"10":1,"11":1,"12":1,"13":1,"14":1,"15":0,"16":1,"17":0,"18":1,"19":4},"f":{"0":4,"1":3,"2":3,"3":3,"4":1,"5":1},"b":{"0":[0,1],"1":[0,1],"2":[0,1]},"_coverageSchema":"1a1c01bbd47fc00a2c39e90264f33305004495a9","hash":"9aa5a65c86238c610e587d378c4a01d82cfc1b93"}
,"C:\\Users\\naseeha.t\\Documents\\Tasks\\8-task-sales-dashboard\\frontend\\src\\components\\pipeline\\Column.jsx": {"path":"C:\\Users\\naseeha.t\\Documents\\Tasks\\8-task-sales-dashboard\\frontend\\src\\components\\pipeline\\Column.jsx","statementMap":{"0":{"start":{"line":5,"column":33},"end":{"line":7,"column":4}},"1":{"start":{"line":9,"column":2},"end":{"line":23,"column":4}},"2":{"start":{"line":19,"column":30},"end":{"line":19,"column":68}}},"fnMap":{"0":{"name":"Column","decl":{"start":{"line":4,"column":9},"end":{"line":4,"column":15}},"loc":{"start":{"line":4,"column":34},"end":{"line":24,"column":1}},"line":4},"1":{"name":"(anonymous_1)","decl":{"start":{"line":19,"column":20},"end":{"line":19,"column":21}},"loc":{"start":{"line":19,"column":30},"end":{"line":19,"column":68}},"line":19}},"branchMap":{"0":{"loc":{"start":{"line":10,"column":93},"end":{"line":10,"column":133}},"type":"cond-expr","locations":[{"start":{"line":10,"column":102},"end":{"line":10,"column":116}},{"start":{"line":10,"column":119},"end":{"line":10,"column":133}}],"line":10},"1":{"loc":{"start":{"line":14,"column":9},"end":{"line":20,"column":9}},"type":"cond-expr","locations":[{"start":{"line":15,"column":10},"end":{"line":17,"column":16}},{"start":{"line":19,"column":10},"end":{"line":19,"column":69}}],"line":14}},"s":{"0":12,"1":12,"2":3},"f":{"0":12,"1":3},"b":{"0":[0,12],"1":[9,3]},"_coverageSchema":"1a1c01bbd47fc00a2c39e90264f33305004495a9","hash":"09d9c970525f78aa93ad09be901964d5506e912e"}
,"C:\\Users\\naseeha.t\\Documents\\Tasks\\8-task-sales-dashboard\\frontend\\src\\components\\pipeline\\LeadCard.jsx": {"path":"C:\\Users\\naseeha.t\\Documents\\Tasks\\8-task-sales-dashboard\\frontend\\src\\components\\pipeline\\LeadCard.jsx","statementMap":{"0":{"start":{"line":10,"column":6},"end":{"line":12,"column":4}},"1":{"start":{"line":14,"column":16},"end":{"line":16,"column":3}},"2":{"start":{"line":18,"column":2},"end":{"line":43,"column":4}}},"fnMap":{"0":{"name":"LeadCard","decl":{"start":{"line":4,"column":9},"end":{"line":4,"column":17}},"loc":{"start":{"line":4,"column":28},"end":{"line":44,"column":1}},"line":4}},"branchMap":{},"s":{"0":3,"1":3,"2":3},"f":{"0":3},"b":{},"_coverageSchema":"1a1c01bbd47fc00a2c39e90264f33305004495a9","hash":"9969b6800ac7e4aa895303518e00f9964cbdb21b"}
,"C:\\Users\\naseeha.t\\Documents\\Tasks\\8-task-sales-dashboard\\frontend\\src\\components\\ui\\Spinner.jsx": {"path":"C:\\Users\\naseeha.t\\Documents\\Tasks\\8-task-sales-dashboard\\frontend\\src\\components\\ui\\Spinner.jsx","statementMap":{"0":{"start":{"line":2,"column":2},"end":{"line":6,"column":4}}},"fnMap":{"0":{"name":"Spinner","decl":{"start":{"line":1,"column":9},"end":{"line":1,"column":16}},"loc":{"start":{"line":1,"column":19},"end":{"line":7,"column":1}},"line":1}},"branchMap":{},"s":{"0":1},"f":{"0":1},"b":{},"_coverageSchema":"1a1c01bbd47fc00a2c39e90264f33305004495a9","hash":"c1e0dbcc23460ec433a63224ebfde054b68049b2"}
,"C:\\Users\\naseeha.t\\Documents\\Tasks\\8-task-sales-dashboard\\frontend\\src\\features\\leads\\LeadsContext.js": {"path":"C:\\Users\\naseeha.t\\Documents\\Tasks\\8-task-sales-dashboard\\frontend\\src\\features\\leads\\LeadsContext.js","statementMap":{"0":{"start":{"line":3,"column":28},"end":{"line":3,"column":43}}},"fnMap":{},"branchMap":{},"s":{"0":1},"f":{},"b":{},"_coverageSchema":"1a1c01bbd47fc00a2c39e90264f33305004495a9","hash":"07c5e3f7392e9e6860b474951ae6b7d31f623d42"}
,"C:\\Users\\naseeha.t\\Documents\\Tasks\\8-task-sales-dashboard\\frontend\\src\\features\\leads\\LeadsProvider.jsx": {"path":"C:\\Users\\naseeha.t\\Documents\\Tasks\\8-task-sales-dashboard\\frontend\\src\\features\\leads\\LeadsProvider.jsx","statementMap":{"0":{"start":{"line":6,"column":28},"end":{"line":6,"column":40}},"1":{"start":{"line":7,"column":32},"end":{"line":7,"column":46}},"2":{"start":{"line":9,"column":2},"end":{"line":22,"column":9}},"3":{"start":{"line":11,"column":6},"end":{"line":18,"column":7}},"4":{"start":{"line":12,"column":25},"end":{"line":12,"column":48}},"5":{"start":{"line":13,"column":8},"end":{"line":13,"column":32}},"6":{"start":{"line":15,"column":8},"end":{"line":15,"column":55}},"7":{"start":{"line":17,"column":8},"end":{"line":17,"column":26}},"8":{"start":{"line":21,"column":4},"end":{"line":21,"column":17}},"9":{"start":{"line":26,"column":26},"end":{"line":26,"column":31}},"10":{"start":{"line":29,"column":4},"end":{"line":33,"column":6}},"11":{"start":{"line":30,"column":6},"end":{"line":32,"column":7}},"12":{"start":{"line":31,"column":8},"end":{"line":31,"column":62}},"13":{"start":{"line":35,"column":4},"end":{"line":44,"column":5}},"14":{"start":{"line":36,"column":6},"end":{"line":38,"column":9}},"15":{"start":{"line":40,"column":6},"end":{"line":40,"column":53}},"16":{"start":{"line":43,"column":6},"end":{"line":43,"column":30}},"17":{"start":{"line":47,"column":2},"end":{"line":57,"column":4}}},"fnMap":{"0":{"name":"LeadsProvider","decl":{"start":{"line":5,"column":9},"end":{"line":5,"column":22}},"loc":{"start":{"line":5,"column":37},"end":{"line":58,"column":1}},"line":5},"1":{"name":"(anonymous_1)","decl":{"start":{"line":9,"column":12},"end":{"line":9,"column":13}},"loc":{"start":{"line":9,"column":18},"end":{"line":22,"column":3}},"line":9},"2":{"name":"fetchLeads","decl":{"start":{"line":10,"column":19},"end":{"line":10,"column":29}},"loc":{"start":{"line":10,"column":32},"end":{"line":19,"column":5}},"line":10},"3":{"name":"moveLead","decl":{"start":{"line":24,"column":17},"end":{"line":24,"column":25}},"loc":{"start":{"line":24,"column":41},"end":{"line":45,"column":3}},"line":24},"4":{"name":"(anonymous_4)","decl":{"start":{"line":29,"column":13},"end":{"line":29,"column":14}},"loc":{"start":{"line":30,"column":6},"end":{"line":32,"column":7}},"line":30},"5":{"name":"(anonymous_5)","decl":{"start":{"line":30,"column":20},"end":{"line":30,"column":21}},"loc":{"start":{"line":31,"column":8},"end":{"line":31,"column":62}},"line":31}},"branchMap":{"0":{"loc":{"start":{"line":31,"column":8},"end":{"line":31,"column":62}},"type":"cond-expr","locations":[{"start":{"line":31,"column":25},"end":{"line":31,"column":55}},{"start":{"line":31,"column":58},"end":{"line":31,"column":62}}],"line":31}},"s":{"0":7,"1":7,"2":7,"3":2,"4":2,"5":2,"6":0,"7":2,"8":2,"9":2,"10":2,"11":2,"12":2,"13":2,"14":2,"15":1,"16":1,"17":7},"f":{"0":7,"1":2,"2":2,"3":2,"4":2,"5":2},"b":{"0":[2,0]},"_coverageSchema":"1a1c01bbd47fc00a2c39e90264f33305004495a9","hash":"b712683b54356bb5e6fd2aa04f55611d217138c9"}
,"C:\\Users\\naseeha.t\\Documents\\Tasks\\8-task-sales-dashboard\\frontend\\src\\features\\leads\\leads.utils.js": {"path":"C:\\Users\\naseeha.t\\Documents\\Tasks\\8-task-sales-dashboard\\frontend\\src\\features\\leads\\leads.utils.js","statementMap":{"0":{"start":{"line":2,"column":21},"end":{"line":2,"column":23}},"1":{"start":{"line":4,"column":2},"end":{"line":12,"column":5}},"2":{"start":{"line":5,"column":17},"end":{"line":5,"column":26}},"3":{"start":{"line":7,"column":4},"end":{"line":9,"column":5}},"4":{"start":{"line":8,"column":6},"end":{"line":8,"column":27}},"5":{"start":{"line":11,"column":4},"end":{"line":11,"column":35}},"6":{"start":{"line":14,"column":2},"end":{"line":19,"column":4}},"7":{"start":{"line":15,"column":26},"end":{"line":18,"column":5}},"8":{"start":{"line":23,"column":20},"end":{"line":27,"column":3}},"9":{"start":{"line":29,"column":2},"end":{"line":31,"column":5}},"10":{"start":{"line":30,"column":4},"end":{"line":30,"column":32}},"11":{"start":{"line":33,"column":2},"end":{"line":38,"column":4}},"12":{"start":{"line":34,"column":26},"end":{"line":37,"column":5}}},"fnMap":{"0":{"name":"getRevenueData","decl":{"start":{"line":1,"column":16},"end":{"line":1,"column":30}},"loc":{"start":{"line":1,"column":38},"end":{"line":20,"column":1}},"line":1},"1":{"name":"(anonymous_1)","decl":{"start":{"line":4,"column":16},"end":{"line":4,"column":17}},"loc":{"start":{"line":4,"column":26},"end":{"line":12,"column":3}},"line":4},"2":{"name":"(anonymous_2)","decl":{"start":{"line":15,"column":4},"end":{"line":15,"column":5}},"loc":{"start":{"line":15,"column":26},"end":{"line":18,"column":5}},"line":15},"3":{"name":"getLeadDistribution","decl":{"start":{"line":22,"column":16},"end":{"line":22,"column":35}},"loc":{"start":{"line":22,"column":43},"end":{"line":39,"column":1}},"line":22},"4":{"name":"(anonymous_4)","decl":{"start":{"line":29,"column":16},"end":{"line":29,"column":17}},"loc":{"start":{"line":29,"column":26},"end":{"line":31,"column":3}},"line":29},"5":{"name":"(anonymous_5)","decl":{"start":{"line":34,"column":4},"end":{"line":34,"column":5}},"loc":{"start":{"line":34,"column":26},"end":{"line":37,"column":5}},"line":34}},"branchMap":{"0":{"loc":{"start":{"line":7,"column":4},"end":{"line":9,"column":5}},"type":"if","locations":[{"start":{"line":7,"column":4},"end":{"line":9,"column":5}},{"start":{},"end":{}}],"line":7}},"s":{"0":3,"1":3,"2":3,"3":3,"4":2,"5":3,"6":3,"7":2,"8":3,"9":3,"10":3,"11":3,"12":9},"f":{"0":3,"1":3,"2":2,"3":3,"4":3,"5":9},"b":{"0":[2,1]},"_coverageSchema":"1a1c01bbd47fc00a2c39e90264f33305004495a9","hash":"c3add9a833d7e224ff480bdd7851129fb7acc0b3"}
,"C:\\Users\\naseeha.t\\Documents\\Tasks\\8-task-sales-dashboard\\frontend\\src\\features\\leads\\useLeads.js": {"path":"C:\\Users\\naseeha.t\\Documents\\Tasks\\8-task-sales-dashboard\\frontend\\src\\features\\leads\\useLeads.js","statementMap":{"0":{"start":{"line":5,"column":2},"end":{"line":5,"column":34}}},"fnMap":{"0":{"name":"useLeads","decl":{"start":{"line":4,"column":16},"end":{"line":4,"column":24}},"loc":{"start":{"line":4,"column":27},"end":{"line":6,"column":1}},"line":4}},"branchMap":{},"s":{"0":7},"f":{"0":7},"b":{},"_coverageSchema":"1a1c01bbd47fc00a2c39e90264f33305004495a9","hash":"7521646bafb7916750482b7b3614cacfbb518dbd"}
,"C:\\Users\\naseeha.t\\Documents\\Tasks\\8-task-sales-dashboard\\frontend\\src\\pages\\Dashboard.jsx": {"path":"C:\\Users\\naseeha.t\\Documents\\Tasks\\8-task-sales-dashboard\\frontend\\src\\pages\\Dashboard.jsx","statementMap":{"0":{"start":{"line":14,"column":29},"end":{"line":14,"column":39}},"1":{"start":{"line":16,"column":22},"end":{"line":16,"column":67}},"2":{"start":{"line":16,"column":36},"end":{"line":16,"column":57}},"3":{"start":{"line":18,"column":27},"end":{"line":18,"column":77}},"4":{"start":{"line":18,"column":41},"end":{"line":18,"column":67}},"5":{"start":{"line":20,"column":2},"end":{"line":22,"column":3}},"6":{"start":{"line":21,"column":4},"end":{"line":21,"column":23}},"7":{"start":{"line":24,"column":2},"end":{"line":36,"column":4}}},"fnMap":{"0":{"name":"Dashboard","decl":{"start":{"line":13,"column":9},"end":{"line":13,"column":18}},"loc":{"start":{"line":13,"column":21},"end":{"line":37,"column":1}},"line":13},"1":{"name":"(anonymous_1)","decl":{"start":{"line":16,"column":30},"end":{"line":16,"column":31}},"loc":{"start":{"line":16,"column":36},"end":{"line":16,"column":57}},"line":16},"2":{"name":"(anonymous_2)","decl":{"start":{"line":18,"column":35},"end":{"line":18,"column":36}},"loc":{"start":{"line":18,"column":41},"end":{"line":18,"column":67}},"line":18}},"branchMap":{"0":{"loc":{"start":{"line":20,"column":2},"end":{"line":22,"column":3}},"type":"if","locations":[{"start":{"line":20,"column":2},"end":{"line":22,"column":3}},{"start":{},"end":{}}],"line":20}},"s":{"0":2,"1":2,"2":2,"3":2,"4":2,"5":2,"6":1,"7":1},"f":{"0":2,"1":2,"2":2},"b":{"0":[1,1]},"_coverageSchema":"1a1c01bbd47fc00a2c39e90264f33305004495a9","hash":"b475bbc0953400e2b002ae9ba095b9484d7b5eb9"}
}
