TN:
SF:src\components\charts\LeadPieChart.jsx
FN:16,LeadPieChart
FN:24,(anonymous_1)
FNF:2
FNH:2
FNDA:1,LeadPieChart
FNDA:3,(anonymous_1)
DA:10,1
DA:17,1
DA:25,3
LF:3
LH:3
BRF:0
BRH:0
end_of_record
TN:
SF:src\components\charts\RevenueChart.jsx
FN:10,RevenueChart
FNF:1
FNH:1
FNDA:1,RevenueChart
DA:11,1
LF:1
LH:1
BRF:0
BRH:0
end_of_record
TN:
SF:src\components\pipeline\Board.jsx
FN:5,Board
FN:8,(anonymous_1)
FN:10,(anonymous_2)
FN:12,(anonymous_3)
FN:14,handleDragEnd
FN:22,(anonymous_5)
FNF:6
FNH:6
FNDA:4,Board
FNDA:3,(anonymous_1)
FNDA:3,(anonymous_2)
FNDA:3,(anonymous_3)
FNDA:1,handleDragEnd
FNDA:1,(anonymous_5)
DA:6,4
DA:8,4
DA:10,4
DA:12,4
DA:15,1
DA:17,1
DA:19,1
DA:20,1
DA:22,1
DA:24,1
DA:26,1
DA:27,0
DA:30,1
DA:33,4
LF:14
LH:13
BRDA:17,0,0,0
BRDA:17,0,1,1
BRDA:24,1,0,0
BRDA:24,1,1,1
BRDA:26,2,0,0
BRDA:26,2,1,1
BRF:6
BRH:3
end_of_record
TN:
SF:src\components\pipeline\Column.jsx
FN:4,Column
FN:19,(anonymous_1)
FNF:2
FNH:2
FNDA:12,Column
FNDA:3,(anonymous_1)
DA:5,12
DA:9,12
DA:19,3
LF:3
LH:3
BRDA:10,0,0,0
BRDA:10,0,1,12
BRDA:14,1,0,9
BRDA:14,1,1,3
BRF:4
BRH:3
end_of_record
TN:
SF:src\components\pipeline\LeadCard.jsx
FN:4,LeadCard
FNF:1
FNH:1
FNDA:3,LeadCard
DA:10,3
DA:14,3
DA:18,3
LF:3
LH:3
BRF:0
BRH:0
end_of_record
TN:
SF:src\components\ui\Spinner.jsx
FN:1,Spinner
FNF:1
FNH:1
FNDA:1,Spinner
DA:2,1
LF:1
LH:1
BRF:0
BRH:0
end_of_record
TN:
SF:src\features\leads\LeadsContext.js
FNF:0
FNH:0
DA:3,1
LF:1
LH:1
BRF:0
BRH:0
end_of_record
TN:
SF:src\features\leads\LeadsProvider.jsx
FN:5,LeadsProvider
FN:9,(anonymous_1)
FN:10,fetchLeads
FN:24,moveLead
FN:29,(anonymous_4)
FN:30,(anonymous_5)
FNF:6
FNH:6
FNDA:7,LeadsProvider
FNDA:2,(anonymous_1)
FNDA:2,fetchLeads
FNDA:2,moveLead
FNDA:2,(anonymous_4)
FNDA:2,(anonymous_5)
DA:6,7
DA:7,7
DA:9,7
DA:11,2
DA:12,2
DA:13,2
DA:15,0
DA:17,2
DA:21,2
DA:26,2
DA:29,2
DA:30,2
DA:31,2
DA:35,2
DA:36,2
DA:40,1
DA:43,1
DA:47,7
LF:18
LH:17
BRDA:31,0,0,2
BRDA:31,0,1,0
BRF:2
BRH:1
end_of_record
TN:
SF:src\features\leads\leads.utils.js
FN:1,getRevenueData
FN:4,(anonymous_1)
FN:15,(anonymous_2)
FN:22,getLeadDistribution
FN:29,(anonymous_4)
FN:34,(anonymous_5)
FNF:6
FNH:6
FNDA:3,getRevenueData
FNDA:3,(anonymous_1)
FNDA:2,(anonymous_2)
FNDA:3,getLeadDistribution
FNDA:3,(anonymous_4)
FNDA:9,(anonymous_5)
DA:2,3
DA:4,3
DA:5,3
DA:7,3
DA:8,2
DA:11,3
DA:14,3
DA:15,2
DA:23,3
DA:29,3
DA:30,3
DA:33,3
DA:34,9
LF:13
LH:13
BRDA:7,0,0,2
BRDA:7,0,1,1
BRF:2
BRH:2
end_of_record
TN:
SF:src\features\leads\useLeads.js
FN:4,useLeads
FNF:1
FNH:1
FNDA:7,useLeads
DA:5,7
LF:1
LH:1
BRF:0
BRH:0
end_of_record
TN:
SF:src\pages\Dashboard.jsx
FN:13,Dashboard
FN:16,(anonymous_1)
FN:18,(anonymous_2)
FNF:3
FNH:3
FNDA:2,Dashboard
FNDA:2,(anonymous_1)
FNDA:2,(anonymous_2)
DA:14,2
DA:16,2
DA:18,2
DA:20,2
DA:21,1
DA:24,1
LF:6
LH:6
BRDA:20,0,0,1
BRDA:20,0,1,1
BRF:2
BRH:2
end_of_record
